<?xml version="1.0" encoding="UTF-8"?>
<testsuite xmlns:xsi="http://www.w3.org/2001/XMLSchema-instance" xsi:noNamespaceSchemaLocation="https://maven.apache.org/surefire/maven-surefire-plugin/xsd/surefire-test-report.xsd" name="com.xzy.AppTest" time="0.113" tests="1" errors="0" skipped="0" failures="0">
  <properties>
    <property name="sun.desktop" value="windows"/>
    <property name="awt.toolkit" value="sun.awt.windows.WToolkit"/>
    <property name="file.encoding.pkg" value="sun.io"/>
    <property name="java.specification.version" value="1.8"/>
    <property name="sun.cpu.isalist" value="amd64"/>
    <property name="sun.jnu.encoding" value="GBK"/>
    <property name="java.class.path" value="E:\eduworkspace\CakeShop\CakeShop\shop-parent\shop-manager\shop-manager-service\target\test-classes;E:\eduworkspace\CakeShop\CakeShop\shop-parent\shop-manager\shop-manager-service\target\classes;E:\eduworkspace\CakeShop\CakeShop\shop-parent\shop-manager\shop-manager-mapper\target\shop-manager.jar;E:\eduworkspace\CakeShop\CakeShop\shop-parent\shop-manager\shop-manager-pojo\target\shop-manager.jar;D:\repository\org\mybatis\mybatis\3.4.1\mybatis-3.4.1.jar;D:\repository\org\mybatis\mybatis-spring\1.2.2\mybatis-spring-1.2.2.jar;D:\repository\com\github\miemiedev\mybatis-paginator\1.2.15\mybatis-paginator-1.2.15.jar;D:\repository\org\slf4j\slf4j-api\1.7.2\slf4j-api-1.7.2.jar;D:\repository\mysql\mysql-connector-java\5.1.35\mysql-connector-java-5.1.35.jar;D:\repository\com\alibaba\druid\1.0.9\druid-1.0.9.jar;D:\Program Files\Java\jdk1.8.0_191\jre\..\lib\jconsole.jar;D:\Program Files\Java\jdk1.8.0_191\jre\..\lib\tools.jar;D:\repository\org\springframework\spring-context\4.2.4.RELEASE\spring-context-4.2.4.RELEASE.jar;D:\repository\org\springframework\spring-aop\4.2.4.RELEASE\spring-aop-4.2.4.RELEASE.jar;D:\repository\aopalliance\aopalliance\1.0\aopalliance-1.0.jar;D:\repository\org\springframework\spring-core\4.2.4.RELEASE\spring-core-4.2.4.RELEASE.jar;D:\repository\commons-logging\commons-logging\1.2\commons-logging-1.2.jar;D:\repository\org\springframework\spring-expression\4.2.4.RELEASE\spring-expression-4.2.4.RELEASE.jar;D:\repository\org\springframework\spring-beans\4.2.4.RELEASE\spring-beans-4.2.4.RELEASE.jar;D:\repository\org\springframework\spring-webmvc\4.2.4.RELEASE\spring-webmvc-4.2.4.RELEASE.jar;D:\repository\org\springframework\spring-web\4.2.4.RELEASE\spring-web-4.2.4.RELEASE.jar;D:\repository\org\springframework\spring-jdbc\4.2.4.RELEASE\spring-jdbc-4.2.4.RELEASE.jar;D:\repository\org\springframework\spring-tx\4.2.4.RELEASE\spring-tx-4.2.4.RELEASE.jar;D:\repository\org\springframework\spring-aspects\4.2.4.RELEASE\spring-aspects-4.2.4.RELEASE.jar;D:\repository\org\aspectj\aspectjweaver\1.8.7\aspectjweaver-1.8.7.jar;D:\repository\junit\junit\4.12\junit-4.12.jar;D:\repository\org\hamcrest\hamcrest-core\1.3\hamcrest-core-1.3.jar;D:\repository\com\xzy\cakeShop\shop-common\1.0-SNAPSHOT\shop-common-1.0-SNAPSHOT.jar;D:\repository\joda-time\joda-time\2.5\joda-time-2.5.jar;D:\repository\org\apache\commons\commons-lang3\3.3.2\commons-lang3-3.3.2.jar;D:\repository\commons-io\commons-io\1.3.2\commons-io-1.3.2.jar;D:\repository\commons-net\commons-net\3.3\commons-net-3.3.jar;D:\repository\com\fasterxml\jackson\core\jackson-databind\2.4.2\jackson-databind-2.4.2.jar;D:\repository\com\fasterxml\jackson\core\jackson-annotations\2.4.0\jackson-annotations-2.4.0.jar;D:\repository\com\fasterxml\jackson\core\jackson-core\2.4.2\jackson-core-2.4.2.jar;D:\repository\org\apache\httpcomponents\httpclient\4.3.5\httpclient-4.3.5.jar;D:\repository\org\apache\httpcomponents\httpcore\4.3.2\httpcore-4.3.2.jar;D:\repository\commons-codec\commons-codec\1.6\commons-codec-1.6.jar;D:\repository\org\slf4j\slf4j-log4j12\1.7.12\slf4j-log4j12-1.7.12.jar;D:\repository\log4j\log4j\1.2.17\log4j-1.2.17.jar;"/>
    <property name="java.vm.vendor" value="Oracle Corporation"/>
    <property name="sun.arch.data.model" value="64"/>
    <property name="user.variant" value=""/>
    <property name="java.vendor.url" value="http://java.oracle.com/"/>
    <property name="user.timezone" value="Asia/Shanghai"/>
    <property name="java.vm.specification.version" value="1.8"/>
    <property name="os.name" value="Windows 7"/>
    <property name="user.country" value="CN"/>
    <property name="sun.java.launcher" value="SUN_STANDARD"/>
    <property name="sun.boot.library.path" value="D:\Program Files\Java\jdk1.8.0_191\jre\bin"/>
    <property name="sun.java.command" value="C:\Users\LIUHUA~1\AppData\Local\Temp\surefire8134873427634150240\surefirebooter6613103238262737799.jar C:\Users\liuhuanle\AppData\Local\Temp\surefire8134873427634150240 2019-02-13T19-59-09_138-jvmRun1 surefire6628706325056289383tmp surefire_22028710079803854763tmp"/>
    <property name="surefire.test.class.path" value="E:\eduworkspace\CakeShop\CakeShop\shop-parent\shop-manager\shop-manager-service\target\test-classes;E:\eduworkspace\CakeShop\CakeShop\shop-parent\shop-manager\shop-manager-service\target\classes;E:\eduworkspace\CakeShop\CakeShop\shop-parent\shop-manager\shop-manager-mapper\target\shop-manager.jar;E:\eduworkspace\CakeShop\CakeShop\shop-parent\shop-manager\shop-manager-pojo\target\shop-manager.jar;D:\repository\org\mybatis\mybatis\3.4.1\mybatis-3.4.1.jar;D:\repository\org\mybatis\mybatis-spring\1.2.2\mybatis-spring-1.2.2.jar;D:\repository\com\github\miemiedev\mybatis-paginator\1.2.15\mybatis-paginator-1.2.15.jar;D:\repository\org\slf4j\slf4j-api\1.7.2\slf4j-api-1.7.2.jar;D:\repository\mysql\mysql-connector-java\5.1.35\mysql-connector-java-5.1.35.jar;D:\repository\com\alibaba\druid\1.0.9\druid-1.0.9.jar;D:\Program Files\Java\jdk1.8.0_191\jre\..\lib\jconsole.jar;D:\Program Files\Java\jdk1.8.0_191\jre\..\lib\tools.jar;D:\repository\org\springframework\spring-context\4.2.4.RELEASE\spring-context-4.2.4.RELEASE.jar;D:\repository\org\springframework\spring-aop\4.2.4.RELEASE\spring-aop-4.2.4.RELEASE.jar;D:\repository\aopalliance\aopalliance\1.0\aopalliance-1.0.jar;D:\repository\org\springframework\spring-core\4.2.4.RELEASE\spring-core-4.2.4.RELEASE.jar;D:\repository\commons-logging\commons-logging\1.2\commons-logging-1.2.jar;D:\repository\org\springframework\spring-expression\4.2.4.RELEASE\spring-expression-4.2.4.RELEASE.jar;D:\repository\org\springframework\spring-beans\4.2.4.RELEASE\spring-beans-4.2.4.RELEASE.jar;D:\repository\org\springframework\spring-webmvc\4.2.4.RELEASE\spring-webmvc-4.2.4.RELEASE.jar;D:\repository\org\springframework\spring-web\4.2.4.RELEASE\spring-web-4.2.4.RELEASE.jar;D:\repository\org\springframework\spring-jdbc\4.2.4.RELEASE\spring-jdbc-4.2.4.RELEASE.jar;D:\repository\org\springframework\spring-tx\4.2.4.RELEASE\spring-tx-4.2.4.RELEASE.jar;D:\repository\org\springframework\spring-aspects\4.2.4.RELEASE\spring-aspects-4.2.4.RELEASE.jar;D:\repository\org\aspectj\aspectjweaver\1.8.7\aspectjweaver-1.8.7.jar;D:\repository\junit\junit\4.12\junit-4.12.jar;D:\repository\org\hamcrest\hamcrest-core\1.3\hamcrest-core-1.3.jar;D:\repository\com\xzy\cakeShop\shop-common\1.0-SNAPSHOT\shop-common-1.0-SNAPSHOT.jar;D:\repository\joda-time\joda-time\2.5\joda-time-2.5.jar;D:\repository\org\apache\commons\commons-lang3\3.3.2\commons-lang3-3.3.2.jar;D:\repository\commons-io\commons-io\1.3.2\commons-io-1.3.2.jar;D:\repository\commons-net\commons-net\3.3\commons-net-3.3.jar;D:\repository\com\fasterxml\jackson\core\jackson-databind\2.4.2\jackson-databind-2.4.2.jar;D:\repository\com\fasterxml\jackson\core\jackson-annotations\2.4.0\jackson-annotations-2.4.0.jar;D:\repository\com\fasterxml\jackson\core\jackson-core\2.4.2\jackson-core-2.4.2.jar;D:\repository\org\apache\httpcomponents\httpclient\4.3.5\httpclient-4.3.5.jar;D:\repository\org\apache\httpcomponents\httpcore\4.3.2\httpcore-4.3.2.jar;D:\repository\commons-codec\commons-codec\1.6\commons-codec-1.6.jar;D:\repository\org\slf4j\slf4j-log4j12\1.7.12\slf4j-log4j12-1.7.12.jar;D:\repository\log4j\log4j\1.2.17\log4j-1.2.17.jar;"/>
    <property name="sun.cpu.endian" value="little"/>
    <property name="user.home" value="C:\Users\liuhuanle"/>
    <property name="user.language" value="zh"/>
    <property name="java.specification.vendor" value="Oracle Corporation"/>
    <property name="java.home" value="D:\Program Files\Java\jdk1.8.0_191\jre"/>
    <property name="basedir" value="E:\eduworkspace\CakeShop\CakeShop\shop-parent\shop-manager\shop-manager-service"/>
    <property name="file.separator" value="\"/>
    <property name="line.separator" value="&#10;"/>
    <property name="java.vm.specification.vendor" value="Oracle Corporation"/>
    <property name="java.specification.name" value="Java Platform API Specification"/>
    <property name="java.awt.graphicsenv" value="sun.awt.Win32GraphicsEnvironment"/>
    <property name="surefire.real.class.path" value="C:\Users\LIUHUA~1\AppData\Local\Temp\surefire8134873427634150240\surefirebooter6613103238262737799.jar"/>
    <property name="sun.boot.class.path" value="D:\Program Files\Java\jdk1.8.0_191\jre\lib\resources.jar;D:\Program Files\Java\jdk1.8.0_191\jre\lib\rt.jar;D:\Program Files\Java\jdk1.8.0_191\jre\lib\sunrsasign.jar;D:\Program Files\Java\jdk1.8.0_191\jre\lib\jsse.jar;D:\Program Files\Java\jdk1.8.0_191\jre\lib\jce.jar;D:\Program Files\Java\jdk1.8.0_191\jre\lib\charsets.jar;D:\Program Files\Java\jdk1.8.0_191\jre\lib\jfr.jar;D:\Program Files\Java\jdk1.8.0_191\jre\classes"/>
    <property name="user.script" value=""/>
    <property name="sun.management.compiler" value="HotSpot 64-Bit Tiered Compilers"/>
    <property name="java.runtime.version" value="1.8.0_191-b12"/>
    <property name="user.name" value="liuhuanle"/>
    <property name="path.separator" value=";"/>
    <property name="os.version" value="6.1"/>
    <property name="java.endorsed.dirs" value="D:\Program Files\Java\jdk1.8.0_191\jre\lib\endorsed"/>
    <property name="java.runtime.name" value="Java(TM) SE Runtime Environment"/>
    <property name="file.encoding" value="GBK"/>
    <property name="java.vm.name" value="Java HotSpot(TM) 64-Bit Server VM"/>
    <property name="localRepository" value="D:\repository"/>
    <property name="java.vendor.url.bug" value="http://bugreport.sun.com/bugreport/"/>
    <property name="java.io.tmpdir" value="C:\Users\LIUHUA~1\AppData\Local\Temp\"/>
    <property name="idea.version" value="2018.2.6"/>
    <property name="java.version" value="1.8.0_191"/>
    <property name="user.dir" value="E:\eduworkspace\CakeShop\CakeShop\shop-parent\shop-manager\shop-manager-service"/>
    <property name="os.arch" value="amd64"/>
    <property name="java.vm.specification.name" value="Java Virtual Machine Specification"/>
    <property name="java.awt.printerjob" value="sun.awt.windows.WPrinterJob"/>
    <property name="sun.os.patch.level" value="Service Pack 1"/>
    <property name="java.library.path" value="D:\Program Files\Java\jdk1.8.0_191\jre\bin;C:\Windows\Sun\Java\bin;C:\Windows\system32;C:\Windows;D:\Program Files\Java\jdk1.8.0_191\bin;D:\Program Files\Java\jdk1.8.0_191\jre\bin;C:\Windows\system32;C:\Windows;C:\Windows\system32\wbem;D:\mysql-5.7.16-winx64\bin;D:\Program Files\Git\cmd;E:\apache-maven-3.6.0-bin\apache-maven-3.6.0\bin;E:\Program Files (x86)\modeltech64_10.4\win64;E:\modeltech_6.5g\win32;."/>
    <property name="java.vm.info" value="mixed mode"/>
    <property name="java.vendor" value="Oracle Corporation"/>
    <property name="java.vm.version" value="25.191-b12"/>
    <property name="java.ext.dirs" value="D:\Program Files\Java\jdk1.8.0_191\jre\lib\ext;C:\Windows\Sun\Java\lib\ext"/>
    <property name="sun.io.unicode.encoding" value="UnicodeLittle"/>
    <property name="maven.repo.local" value="D:\repository"/>
    <property name="java.class.version" value="52.0"/>
  </properties>
  <testcase name="shouldAnswerWithTrue" classname="com.xzy.AppTest" time="0.001"/>
</testsuite>